<?xml version="1.0" encoding="UTF-8"?>
<testng-results ignored="0" total="12" passed="8" failed="4" skipped="0">
  <reporter-output>
  </reporter-output>
  <suite started-at="2025-02-15T15:28:01 IST" name="LT_Selenium" finished-at="2025-02-15T15:30:51 IST" duration-ms="169148">
    <groups>
    </groups>
    <test started-at="2025-02-15T15:28:01 IST" name="Edge on macOS Ventura" finished-at="2025-02-15T15:29:49 IST" duration-ms="107142">
      <class name="seleniumPKG.mac_Edge_Selenium">
        <test-method is-config="true" signature="setUp(java.lang.String,java.lang.String,java.lang.String,java.lang.String)[pri:0, instance:seleniumPKG.mac_Edge_Selenium@7c7a06ec]" started-at="2025-02-15T15:28:02 IST" name="setUp" finished-at="2025-02-15T15:28:27 IST" duration-ms="25526" status="PASS">
          <params>
            <param index="0">
              <value>
                <![CDATA[127.0]]>
              </value>
            </param>
            <param index="1">
              <value>
                <![CDATA[macOS Ventura]]>
              </value>
            </param>
            <param index="2">
              <value>
                <![CDATA[pandharinathachyutraolondhe]]>
              </value>
            </param>
            <param index="3">
              <value>
                <![CDATA[LT_zBBbSruCD1EFJWDZBnM05z8RH3z7te0AiseBdRQON9bklY9]]>
              </value>
            </param>
          </params>
          <reporter-output>
          </reporter-output>
        </test-method> <!-- setUp -->
        <test-method signature="testSimpleFormDemo()[pri:1, instance:seleniumPKG.mac_Edge_Selenium@7c7a06ec]" started-at="2025-02-15T15:28:27 IST" name="testSimpleFormDemo" finished-at="2025-02-15T15:28:36 IST" duration-ms="9067" status="PASS">
          <reporter-output>
          </reporter-output>
        </test-method> <!-- testSimpleFormDemo -->
        <test-method is-config="true" signature="tearDown()[pri:0, instance:seleniumPKG.mac_Edge_Selenium@7c7a06ec]" started-at="2025-02-15T15:28:36 IST" name="tearDown" finished-at="2025-02-15T15:28:36 IST" duration-ms="380" status="PASS">
          <reporter-output>
          </reporter-output>
        </test-method> <!-- tearDown -->
        <test-method is-config="true" signature="setUp(java.lang.String,java.lang.String,java.lang.String,java.lang.String)[pri:0, instance:seleniumPKG.mac_Edge_Selenium@7c7a06ec]" started-at="2025-02-15T15:28:37 IST" name="setUp" finished-at="2025-02-15T15:29:08 IST" duration-ms="31570" status="PASS">
          <params>
            <param index="0">
              <value>
                <![CDATA[127.0]]>
              </value>
            </param>
            <param index="1">
              <value>
                <![CDATA[macOS Ventura]]>
              </value>
            </param>
            <param index="2">
              <value>
                <![CDATA[pandharinathachyutraolondhe]]>
              </value>
            </param>
            <param index="3">
              <value>
                <![CDATA[LT_zBBbSruCD1EFJWDZBnM05z8RH3z7te0AiseBdRQON9bklY9]]>
              </value>
            </param>
          </params>
          <reporter-output>
          </reporter-output>
        </test-method> <!-- setUp -->
        <test-method signature="testDragAndDropSlider()[pri:2, instance:seleniumPKG.mac_Edge_Selenium@7c7a06ec]" started-at="2025-02-15T15:29:08 IST" name="testDragAndDropSlider" finished-at="2025-02-15T15:29:16 IST" duration-ms="7842" status="PASS">
          <reporter-output>
          </reporter-output>
        </test-method> <!-- testDragAndDropSlider -->
        <test-method is-config="true" signature="tearDown()[pri:0, instance:seleniumPKG.mac_Edge_Selenium@7c7a06ec]" started-at="2025-02-15T15:29:16 IST" name="tearDown" finished-at="2025-02-15T15:29:16 IST" duration-ms="268" status="PASS">
          <reporter-output>
          </reporter-output>
        </test-method> <!-- tearDown -->
        <test-method is-config="true" signature="setUp(java.lang.String,java.lang.String,java.lang.String,java.lang.String)[pri:0, instance:seleniumPKG.mac_Edge_Selenium@7c7a06ec]" started-at="2025-02-15T15:29:16 IST" name="setUp" finished-at="2025-02-15T15:29:43 IST" duration-ms="26338" status="PASS">
          <params>
            <param index="0">
              <value>
                <![CDATA[127.0]]>
              </value>
            </param>
            <param index="1">
              <value>
                <![CDATA[macOS Ventura]]>
              </value>
            </param>
            <param index="2">
              <value>
                <![CDATA[pandharinathachyutraolondhe]]>
              </value>
            </param>
            <param index="3">
              <value>
                <![CDATA[LT_zBBbSruCD1EFJWDZBnM05z8RH3z7te0AiseBdRQON9bklY9]]>
              </value>
            </param>
          </params>
          <reporter-output>
          </reporter-output>
        </test-method> <!-- setUp -->
        <test-method signature="testInputFormSubmit()[pri:3, instance:seleniumPKG.mac_Edge_Selenium@7c7a06ec]" started-at="2025-02-15T15:29:43 IST" name="testInputFormSubmit" finished-at="2025-02-15T15:29:48 IST" duration-ms="5672" status="FAIL">
          <exception class="java.lang.AssertionError">
            <message>
              <![CDATA[expected [Please fill out this field.] but found [Please fill in this field.]]]>
            </message>
            <full-stacktrace>
              <![CDATA[java.lang.AssertionError: expected [Please fill out this field.] but found [Please fill in this field.]
at org.testng.Assert.fail(Assert.java:110)
at org.testng.Assert.failNotEquals(Assert.java:1577)
at org.testng.Assert.assertEqualsImpl(Assert.java:149)
at org.testng.Assert.assertEquals(Assert.java:131)
at org.testng.Assert.assertEquals(Assert.java:655)
at org.testng.Assert.assertEquals(Assert.java:665)
at seleniumPKG.mac_Edge_Selenium.testInputFormSubmit(mac_Edge_Selenium.java:112)
at java.base/jdk.internal.reflect.DirectMethodHandleAccessor.invoke(DirectMethodHandleAccessor.java:103)
at java.base/java.lang.reflect.Method.invoke(Method.java:580)
at org.testng.internal.invokers.MethodInvocationHelper.invokeMethod(MethodInvocationHelper.java:139)
at org.testng.internal.invokers.InvokeMethodRunnable.runOne(InvokeMethodRunnable.java:47)
at org.testng.internal.invokers.InvokeMethodRunnable.call(InvokeMethodRunnable.java:76)
at org.testng.internal.invokers.InvokeMethodRunnable.call(InvokeMethodRunnable.java:11)
at java.base/java.util.concurrent.FutureTask.run(FutureTask.java:317)
at java.base/java.util.concurrent.ThreadPoolExecutor.runWorker(ThreadPoolExecutor.java:1144)
at java.base/java.util.concurrent.ThreadPoolExecutor$Worker.run(ThreadPoolExecutor.java:642)
at java.base/java.lang.Thread.run(Thread.java:1583)
]]>
            </full-stacktrace>
          </exception> <!-- java.lang.AssertionError -->
          <reporter-output>
          </reporter-output>
        </test-method> <!-- testInputFormSubmit -->
        <test-method is-config="true" signature="tearDown()[pri:0, instance:seleniumPKG.mac_Edge_Selenium@7c7a06ec]" started-at="2025-02-15T15:29:48 IST" name="tearDown" finished-at="2025-02-15T15:29:49 IST" duration-ms="300" status="PASS">
          <reporter-output>
          </reporter-output>
        </test-method> <!-- tearDown -->
      </class> <!-- seleniumPKG.mac_Edge_Selenium -->
    </test> <!-- Edge on macOS Ventura -->
    <test started-at="2025-02-15T15:28:01 IST" name="Chrome on Windows 10" finished-at="2025-02-15T15:30:27 IST" duration-ms="145206">
      <class name="seleniumPKG.window_10_Chrome_Selenium">
        <test-method is-config="true" signature="setUp(java.lang.String,java.lang.String,java.lang.String,java.lang.String)[pri:0, instance:seleniumPKG.window_10_Chrome_Selenium@49ec71f8]" started-at="2025-02-15T15:28:02 IST" name="setUp" finished-at="2025-02-15T15:28:49 IST" duration-ms="47137" status="PASS">
          <params>
            <param index="0">
              <value>
                <![CDATA[128.0]]>
              </value>
            </param>
            <param index="1">
              <value>
                <![CDATA[Windows 10]]>
              </value>
            </param>
            <param index="2">
              <value>
                <![CDATA[pandharinathachyutraolondhe]]>
              </value>
            </param>
            <param index="3">
              <value>
                <![CDATA[LT_zBBbSruCD1EFJWDZBnM05z8RH3z7te0AiseBdRQON9bklY9]]>
              </value>
            </param>
          </params>
          <reporter-output>
          </reporter-output>
        </test-method> <!-- setUp -->
        <test-method signature="testSimpleFormDemo()[pri:1, instance:seleniumPKG.window_10_Chrome_Selenium@49ec71f8]" started-at="2025-02-15T15:28:49 IST" name="testSimpleFormDemo" finished-at="2025-02-15T15:28:54 IST" duration-ms="4904" status="PASS">
          <reporter-output>
          </reporter-output>
        </test-method> <!-- testSimpleFormDemo -->
        <test-method is-config="true" signature="tearDown()[pri:0, instance:seleniumPKG.window_10_Chrome_Selenium@49ec71f8]" started-at="2025-02-15T15:28:54 IST" name="tearDown" finished-at="2025-02-15T15:28:54 IST" duration-ms="177" status="PASS">
          <reporter-output>
          </reporter-output>
        </test-method> <!-- tearDown -->
        <test-method is-config="true" signature="setUp(java.lang.String,java.lang.String,java.lang.String,java.lang.String)[pri:0, instance:seleniumPKG.window_10_Chrome_Selenium@49ec71f8]" started-at="2025-02-15T15:28:54 IST" name="setUp" finished-at="2025-02-15T15:29:21 IST" duration-ms="27079" status="PASS">
          <params>
            <param index="0">
              <value>
                <![CDATA[128.0]]>
              </value>
            </param>
            <param index="1">
              <value>
                <![CDATA[Windows 10]]>
              </value>
            </param>
            <param index="2">
              <value>
                <![CDATA[pandharinathachyutraolondhe]]>
              </value>
            </param>
            <param index="3">
              <value>
                <![CDATA[LT_zBBbSruCD1EFJWDZBnM05z8RH3z7te0AiseBdRQON9bklY9]]>
              </value>
            </param>
          </params>
          <reporter-output>
          </reporter-output>
        </test-method> <!-- setUp -->
        <test-method signature="testDragAndDropSlider()[pri:2, instance:seleniumPKG.window_10_Chrome_Selenium@49ec71f8]" started-at="2025-02-15T15:29:21 IST" name="testDragAndDropSlider" finished-at="2025-02-15T15:29:28 IST" duration-ms="7209" status="PASS">
          <reporter-output>
          </reporter-output>
        </test-method> <!-- testDragAndDropSlider -->
        <test-method is-config="true" signature="tearDown()[pri:0, instance:seleniumPKG.window_10_Chrome_Selenium@49ec71f8]" started-at="2025-02-15T15:29:28 IST" name="tearDown" finished-at="2025-02-15T15:29:28 IST" duration-ms="160" status="PASS">
          <reporter-output>
          </reporter-output>
        </test-method> <!-- tearDown -->
        <test-method is-config="true" signature="setUp(java.lang.String,java.lang.String,java.lang.String,java.lang.String)[pri:0, instance:seleniumPKG.window_10_Chrome_Selenium@49ec71f8]" started-at="2025-02-15T15:29:28 IST" name="setUp" finished-at="2025-02-15T15:30:14 IST" duration-ms="45937" status="PASS">
          <params>
            <param index="0">
              <value>
                <![CDATA[128.0]]>
              </value>
            </param>
            <param index="1">
              <value>
                <![CDATA[Windows 10]]>
              </value>
            </param>
            <param index="2">
              <value>
                <![CDATA[pandharinathachyutraolondhe]]>
              </value>
            </param>
            <param index="3">
              <value>
                <![CDATA[LT_zBBbSruCD1EFJWDZBnM05z8RH3z7te0AiseBdRQON9bklY9]]>
              </value>
            </param>
          </params>
          <reporter-output>
          </reporter-output>
        </test-method> <!-- setUp -->
        <test-method signature="testInputFormSubmit()[pri:3, instance:seleniumPKG.window_10_Chrome_Selenium@49ec71f8]" started-at="2025-02-15T15:30:14 IST" name="testInputFormSubmit" finished-at="2025-02-15T15:30:26 IST" duration-ms="12347" status="PASS">
          <reporter-output>
          </reporter-output>
        </test-method> <!-- testInputFormSubmit -->
        <test-method is-config="true" signature="tearDown()[pri:0, instance:seleniumPKG.window_10_Chrome_Selenium@49ec71f8]" started-at="2025-02-15T15:30:26 IST" name="tearDown" finished-at="2025-02-15T15:30:27 IST" duration-ms="122" status="PASS">
          <reporter-output>
          </reporter-output>
        </test-method> <!-- tearDown -->
      </class> <!-- seleniumPKG.window_10_Chrome_Selenium -->
    </test> <!-- Chrome on Windows 10 -->
    <test started-at="2025-02-15T15:28:01 IST" name="Internet Explorer on Windows 10" finished-at="2025-02-15T15:30:44 IST" duration-ms="163085">
      <class name="seleniumPKG.windows_10_IE_Selenium">
        <test-method is-config="true" signature="setUp(java.lang.String,java.lang.String,java.lang.String,java.lang.String)[pri:0, instance:seleniumPKG.windows_10_IE_Selenium@6c6cb480]" started-at="2025-02-15T15:28:02 IST" name="setUp" finished-at="2025-02-15T15:29:01 IST" duration-ms="59410" status="PASS">
          <params>
            <param index="0">
              <value>
                <![CDATA[latest]]>
              </value>
            </param>
            <param index="1">
              <value>
                <![CDATA[Windows 10]]>
              </value>
            </param>
            <param index="2">
              <value>
                <![CDATA[pandharinathachyutraolondhe]]>
              </value>
            </param>
            <param index="3">
              <value>
                <![CDATA[LT_zBBbSruCD1EFJWDZBnM05z8RH3z7te0AiseBdRQON9bklY9]]>
              </value>
            </param>
          </params>
          <reporter-output>
          </reporter-output>
        </test-method> <!-- setUp -->
        <test-method signature="testSimpleFormDemo()[pri:1, instance:seleniumPKG.windows_10_IE_Selenium@6c6cb480]" started-at="2025-02-15T15:29:01 IST" name="testSimpleFormDemo" finished-at="2025-02-15T15:29:09 IST" duration-ms="7634" status="FAIL">
          <exception class="java.lang.AssertionError">
            <message>
              <![CDATA[expected [Welcome to LambdaTest] but found []]]>
            </message>
            <full-stacktrace>
              <![CDATA[java.lang.AssertionError: expected [Welcome to LambdaTest] but found []
at org.testng.Assert.fail(Assert.java:110)
at org.testng.Assert.failNotEquals(Assert.java:1577)
at org.testng.Assert.assertEqualsImpl(Assert.java:149)
at org.testng.Assert.assertEquals(Assert.java:131)
at org.testng.Assert.assertEquals(Assert.java:655)
at org.testng.Assert.assertEquals(Assert.java:665)
at seleniumPKG.windows_10_IE_Selenium.testSimpleFormDemo(windows_10_IE_Selenium.java:76)
at java.base/jdk.internal.reflect.DirectMethodHandleAccessor.invoke(DirectMethodHandleAccessor.java:103)
at java.base/java.lang.reflect.Method.invoke(Method.java:580)
at org.testng.internal.invokers.MethodInvocationHelper.invokeMethod(MethodInvocationHelper.java:139)
at org.testng.internal.invokers.InvokeMethodRunnable.runOne(InvokeMethodRunnable.java:47)
at org.testng.internal.invokers.InvokeMethodRunnable.call(InvokeMethodRunnable.java:76)
at org.testng.internal.invokers.InvokeMethodRunnable.call(InvokeMethodRunnable.java:11)
at java.base/java.util.concurrent.FutureTask.run(FutureTask.java:317)
at java.base/java.util.concurrent.ThreadPoolExecutor.runWorker(ThreadPoolExecutor.java:1144)
at java.base/java.util.concurrent.ThreadPoolExecutor$Worker.run(ThreadPoolExecutor.java:642)
at java.base/java.lang.Thread.run(Thread.java:1583)
]]>
            </full-stacktrace>
          </exception> <!-- java.lang.AssertionError -->
          <reporter-output>
          </reporter-output>
        </test-method> <!-- testSimpleFormDemo -->
        <test-method is-config="true" signature="tearDown()[pri:0, instance:seleniumPKG.windows_10_IE_Selenium@6c6cb480]" started-at="2025-02-15T15:29:09 IST" name="tearDown" finished-at="2025-02-15T15:29:09 IST" duration-ms="103" status="PASS">
          <reporter-output>
          </reporter-output>
        </test-method> <!-- tearDown -->
        <test-method is-config="true" signature="setUp(java.lang.String,java.lang.String,java.lang.String,java.lang.String)[pri:0, instance:seleniumPKG.windows_10_IE_Selenium@6c6cb480]" started-at="2025-02-15T15:29:09 IST" name="setUp" finished-at="2025-02-15T15:30:05 IST" duration-ms="56593" status="PASS">
          <params>
            <param index="0">
              <value>
                <![CDATA[latest]]>
              </value>
            </param>
            <param index="1">
              <value>
                <![CDATA[Windows 10]]>
              </value>
            </param>
            <param index="2">
              <value>
                <![CDATA[pandharinathachyutraolondhe]]>
              </value>
            </param>
            <param index="3">
              <value>
                <![CDATA[LT_zBBbSruCD1EFJWDZBnM05z8RH3z7te0AiseBdRQON9bklY9]]>
              </value>
            </param>
          </params>
          <reporter-output>
          </reporter-output>
        </test-method> <!-- setUp -->
        <test-method signature="testDragAndDropSlider()[pri:2, instance:seleniumPKG.windows_10_IE_Selenium@6c6cb480]" started-at="2025-02-15T15:30:05 IST" name="testDragAndDropSlider" finished-at="2025-02-15T15:30:12 IST" duration-ms="6341" status="FAIL">
          <exception class="java.lang.AssertionError">
            <message>
              <![CDATA[expected [95] but found [15]]]>
            </message>
            <full-stacktrace>
              <![CDATA[java.lang.AssertionError: expected [95] but found [15]
at org.testng.Assert.fail(Assert.java:110)
at org.testng.Assert.failNotEquals(Assert.java:1577)
at org.testng.Assert.assertEqualsImpl(Assert.java:149)
at org.testng.Assert.assertEquals(Assert.java:131)
at org.testng.Assert.assertEquals(Assert.java:655)
at org.testng.Assert.assertEquals(Assert.java:665)
at seleniumPKG.windows_10_IE_Selenium.testDragAndDropSlider(windows_10_IE_Selenium.java:92)
at java.base/jdk.internal.reflect.DirectMethodHandleAccessor.invoke(DirectMethodHandleAccessor.java:103)
at java.base/java.lang.reflect.Method.invoke(Method.java:580)
at org.testng.internal.invokers.MethodInvocationHelper.invokeMethod(MethodInvocationHelper.java:139)
at org.testng.internal.invokers.InvokeMethodRunnable.runOne(InvokeMethodRunnable.java:47)
at org.testng.internal.invokers.InvokeMethodRunnable.call(InvokeMethodRunnable.java:76)
at org.testng.internal.invokers.InvokeMethodRunnable.call(InvokeMethodRunnable.java:11)
at java.base/java.util.concurrent.FutureTask.run(FutureTask.java:317)
at java.base/java.util.concurrent.ThreadPoolExecutor.runWorker(ThreadPoolExecutor.java:1144)
at java.base/java.util.concurrent.ThreadPoolExecutor$Worker.run(ThreadPoolExecutor.java:642)
at java.base/java.lang.Thread.run(Thread.java:1583)
]]>
            </full-stacktrace>
          </exception> <!-- java.lang.AssertionError -->
          <reporter-output>
          </reporter-output>
        </test-method> <!-- testDragAndDropSlider -->
        <test-method is-config="true" signature="tearDown()[pri:0, instance:seleniumPKG.windows_10_IE_Selenium@6c6cb480]" started-at="2025-02-15T15:30:12 IST" name="tearDown" finished-at="2025-02-15T15:30:12 IST" duration-ms="118" status="PASS">
          <reporter-output>
          </reporter-output>
        </test-method> <!-- tearDown -->
        <test-method is-config="true" signature="setUp(java.lang.String,java.lang.String,java.lang.String,java.lang.String)[pri:0, instance:seleniumPKG.windows_10_IE_Selenium@6c6cb480]" started-at="2025-02-15T15:30:12 IST" name="setUp" finished-at="2025-02-15T15:30:38 IST" duration-ms="26641" status="PASS">
          <params>
            <param index="0">
              <value>
                <![CDATA[latest]]>
              </value>
            </param>
            <param index="1">
              <value>
                <![CDATA[Windows 10]]>
              </value>
            </param>
            <param index="2">
              <value>
                <![CDATA[pandharinathachyutraolondhe]]>
              </value>
            </param>
            <param index="3">
              <value>
                <![CDATA[LT_zBBbSruCD1EFJWDZBnM05z8RH3z7te0AiseBdRQON9bklY9]]>
              </value>
            </param>
          </params>
          <reporter-output>
          </reporter-output>
        </test-method> <!-- setUp -->
        <test-method signature="testInputFormSubmit()[pri:3, instance:seleniumPKG.windows_10_IE_Selenium@6c6cb480]" started-at="2025-02-15T15:30:38 IST" name="testInputFormSubmit" finished-at="2025-02-15T15:30:44 IST" duration-ms="6002" status="FAIL">
          <exception class="java.lang.AssertionError">
            <message>
              <![CDATA[expected [Please fill out this field.] but found [This is a required field]]]>
            </message>
            <full-stacktrace>
              <![CDATA[java.lang.AssertionError: expected [Please fill out this field.] but found [This is a required field]
at org.testng.Assert.fail(Assert.java:110)
at org.testng.Assert.failNotEquals(Assert.java:1577)
at org.testng.Assert.assertEqualsImpl(Assert.java:149)
at org.testng.Assert.assertEquals(Assert.java:131)
at org.testng.Assert.assertEquals(Assert.java:655)
at org.testng.Assert.assertEquals(Assert.java:665)
at seleniumPKG.windows_10_IE_Selenium.testInputFormSubmit(windows_10_IE_Selenium.java:108)
at java.base/jdk.internal.reflect.DirectMethodHandleAccessor.invoke(DirectMethodHandleAccessor.java:103)
at java.base/java.lang.reflect.Method.invoke(Method.java:580)
at org.testng.internal.invokers.MethodInvocationHelper.invokeMethod(MethodInvocationHelper.java:139)
at org.testng.internal.invokers.InvokeMethodRunnable.runOne(InvokeMethodRunnable.java:47)
at org.testng.internal.invokers.InvokeMethodRunnable.call(InvokeMethodRunnable.java:76)
at org.testng.internal.invokers.InvokeMethodRunnable.call(InvokeMethodRunnable.java:11)
at java.base/java.util.concurrent.FutureTask.run(FutureTask.java:317)
at java.base/java.util.concurrent.ThreadPoolExecutor.runWorker(ThreadPoolExecutor.java:1144)
at java.base/java.util.concurrent.ThreadPoolExecutor$Worker.run(ThreadPoolExecutor.java:642)
at java.base/java.lang.Thread.run(Thread.java:1583)
]]>
            </full-stacktrace>
          </exception> <!-- java.lang.AssertionError -->
          <reporter-output>
          </reporter-output>
        </test-method> <!-- testInputFormSubmit -->
        <test-method is-config="true" signature="tearDown()[pri:0, instance:seleniumPKG.windows_10_IE_Selenium@6c6cb480]" started-at="2025-02-15T15:30:44 IST" name="tearDown" finished-at="2025-02-15T15:30:44 IST" duration-ms="98" status="PASS">
          <reporter-output>
          </reporter-output>
        </test-method> <!-- tearDown -->
      </class> <!-- seleniumPKG.windows_10_IE_Selenium -->
    </test> <!-- Internet Explorer on Windows 10 -->
    <test started-at="2025-02-15T15:28:01 IST" name="Firefox on Windows 11" finished-at="2025-02-15T15:30:51 IST" duration-ms="169143">
      <class name="seleniumPKG.window_10_FFox_Selenium">
        <test-method is-config="true" signature="setUp(java.lang.String,java.lang.String,java.lang.String,java.lang.String)[pri:0, instance:seleniumPKG.window_10_FFox_Selenium@36ebc363]" started-at="2025-02-15T15:28:02 IST" name="setUp" finished-at="2025-02-15T15:28:33 IST" duration-ms="31290" status="PASS">
          <params>
            <param index="0">
              <value>
                <![CDATA[latest]]>
              </value>
            </param>
            <param index="1">
              <value>
                <![CDATA[Windows 11]]>
              </value>
            </param>
            <param index="2">
              <value>
                <![CDATA[pandharinathachyutraolondhe]]>
              </value>
            </param>
            <param index="3">
              <value>
                <![CDATA[LT_zBBbSruCD1EFJWDZBnM05z8RH3z7te0AiseBdRQON9bklY9]]>
              </value>
            </param>
          </params>
          <reporter-output>
          </reporter-output>
        </test-method> <!-- setUp -->
        <test-method signature="testSimpleFormDemo()[pri:1, instance:seleniumPKG.window_10_FFox_Selenium@36ebc363]" started-at="2025-02-15T15:28:33 IST" name="testSimpleFormDemo" finished-at="2025-02-15T15:28:46 IST" duration-ms="13530" status="PASS">
          <reporter-output>
          </reporter-output>
        </test-method> <!-- testSimpleFormDemo -->
        <test-method is-config="true" signature="tearDown()[pri:0, instance:seleniumPKG.window_10_FFox_Selenium@36ebc363]" started-at="2025-02-15T15:28:46 IST" name="tearDown" finished-at="2025-02-15T15:28:49 IST" duration-ms="2372" status="PASS">
          <reporter-output>
          </reporter-output>
        </test-method> <!-- tearDown -->
        <test-method is-config="true" signature="setUp(java.lang.String,java.lang.String,java.lang.String,java.lang.String)[pri:0, instance:seleniumPKG.window_10_FFox_Selenium@36ebc363]" started-at="2025-02-15T15:28:49 IST" name="setUp" finished-at="2025-02-15T15:29:38 IST" duration-ms="49567" status="PASS">
          <params>
            <param index="0">
              <value>
                <![CDATA[latest]]>
              </value>
            </param>
            <param index="1">
              <value>
                <![CDATA[Windows 11]]>
              </value>
            </param>
            <param index="2">
              <value>
                <![CDATA[pandharinathachyutraolondhe]]>
              </value>
            </param>
            <param index="3">
              <value>
                <![CDATA[LT_zBBbSruCD1EFJWDZBnM05z8RH3z7te0AiseBdRQON9bklY9]]>
              </value>
            </param>
          </params>
          <reporter-output>
          </reporter-output>
        </test-method> <!-- setUp -->
        <test-method signature="testDragAndDropSlider()[pri:2, instance:seleniumPKG.window_10_FFox_Selenium@36ebc363]" started-at="2025-02-15T15:29:38 IST" name="testDragAndDropSlider" finished-at="2025-02-15T15:29:55 IST" duration-ms="16909" status="PASS">
          <reporter-output>
          </reporter-output>
        </test-method> <!-- testDragAndDropSlider -->
        <test-method is-config="true" signature="tearDown()[pri:0, instance:seleniumPKG.window_10_FFox_Selenium@36ebc363]" started-at="2025-02-15T15:29:55 IST" name="tearDown" finished-at="2025-02-15T15:30:01 IST" duration-ms="5567" status="PASS">
          <reporter-output>
          </reporter-output>
        </test-method> <!-- tearDown -->
        <test-method is-config="true" signature="setUp(java.lang.String,java.lang.String,java.lang.String,java.lang.String)[pri:0, instance:seleniumPKG.window_10_FFox_Selenium@36ebc363]" started-at="2025-02-15T15:30:01 IST" name="setUp" finished-at="2025-02-15T15:30:31 IST" duration-ms="30475" status="PASS">
          <params>
            <param index="0">
              <value>
                <![CDATA[latest]]>
              </value>
            </param>
            <param index="1">
              <value>
                <![CDATA[Windows 11]]>
              </value>
            </param>
            <param index="2">
              <value>
                <![CDATA[pandharinathachyutraolondhe]]>
              </value>
            </param>
            <param index="3">
              <value>
                <![CDATA[LT_zBBbSruCD1EFJWDZBnM05z8RH3z7te0AiseBdRQON9bklY9]]>
              </value>
            </param>
          </params>
          <reporter-output>
          </reporter-output>
        </test-method> <!-- setUp -->
        <test-method signature="testInputFormSubmit()[pri:3, instance:seleniumPKG.window_10_FFox_Selenium@36ebc363]" started-at="2025-02-15T15:30:31 IST" name="testInputFormSubmit" finished-at="2025-02-15T15:30:49 IST" duration-ms="17439" status="PASS">
          <reporter-output>
          </reporter-output>
        </test-method> <!-- testInputFormSubmit -->
        <test-method is-config="true" signature="tearDown()[pri:0, instance:seleniumPKG.window_10_FFox_Selenium@36ebc363]" started-at="2025-02-15T15:30:49 IST" name="tearDown" finished-at="2025-02-15T15:30:51 IST" duration-ms="1858" status="PASS">
          <reporter-output>
          </reporter-output>
        </test-method> <!-- tearDown -->
      </class> <!-- seleniumPKG.window_10_FFox_Selenium -->
    </test> <!-- Firefox on Windows 11 -->
  </suite> <!-- LT_Selenium -->
</testng-results>
